# JRE version: OpenJDK Runtime Environment Corretto-11.0.14.10.1 (11.0.14.1+10) (build 11.0.14.1+10-LTS)
# Java VM: OpenJDK 64-Bit Server VM Corretto-11.0.14.10.1 (11.0.14.1+10-LTS, mixed mode, tiered, compressed oops, g1 gc, windows-amd64)
Heap:
 garbage-first heap   total 155648K, used 24816K [0x0000000082400000, 0x0000000100000000)
  region size 1024K, 6 young (6144K), 6 survivors (6144K)
 Metaspace       used 57847K, capacity 59645K, committed 59808K, reserved 1101824K
  class space    used 7136K, capacity 7848K, committed 7936K, reserved 1048576K
GC Heap History (19 events):
Event: 4.230 GC heap before
{Heap before GC invocations=0 (full 0):
 garbage-first heap   total 129024K, used 14336K [0x0000000082400000, 0x0000000100000000)
  region size 1024K, 14 young (14336K), 0 survivors (0K)
 Metaspace       used 10678K, capacity 10896K, committed 11008K, reserved 1058816K
  class space    used 1084K, capacity 1188K, committed 1280K, reserved 1048576K
}
Event: 4.242 GC heap after
{Heap after GC invocations=1 (full 0):
 garbage-first heap   total 129024K, used 5691K [0x0000000082400000, 0x0000000100000000)
  region size 1024K, 2 young (2048K), 2 survivors (2048K)
 Metaspace       used 10678K, capacity 10896K, committed 11008K, reserved 1058816K
  class space    used 1084K, capacity 1188K, committed 1280K, reserved 1048576K
}
Event: 4.597 GC heap before
{Heap before GC invocations=1 (full 0):
 garbage-first heap   total 129024K, used 11835K [0x0000000082400000, 0x0000000100000000)
  region size 1024K, 8 young (8192K), 2 survivors (2048K)
 Metaspace       used 12948K, capacity 13310K, committed 13568K, reserved 1060864K
  class space    used 1304K, capacity 1438K, committed 1536K, reserved 1048576K
}
Event: 4.603 GC heap after
{Heap after GC invocations=2 (full 0):
 garbage-first heap   total 129024K, used 6638K [0x0000000082400000, 0x0000000100000000)
  region size 1024K, 1 young (1024K), 1 survivors (1024K)
 Metaspace       used 12948K, capacity 13310K, committed 13568K, reserved 1060864K
  class space    used 1304K, capacity 1438K, committed 1536K, reserved 1048576K
}
Event: 5.862 GC heap before
{Heap before GC invocations=2 (full 0):
 garbage-first heap   total 129024K, used 31214K [0x0000000082400000, 0x0000000100000000)
  region size 1024K, 25 young (25600K), 1 survivors (1024K)
 Metaspace       used 17359K, capacity 17943K, committed 18304K, reserved 1064960K
  class space    used 1854K, capacity 2055K, committed 2176K, reserved 1048576K
}
Event: 5.869 GC heap after
{Heap after GC invocations=3 (full 0):
 garbage-first heap   total 129024K, used 8175K [0x0000000082400000, 0x0000000100000000)
  region size 1024K, 3 young (3072K), 3 survivors (3072K)
 Metaspace       used 17359K, capacity 17943K, committed 18304K, reserved 1064960K
  class space    used 1854K, capacity 2055K, committed 2176K, reserved 1048576K
}
Event: 6.649 GC heap before
{Heap before GC invocations=3 (full 0):
 garbage-first heap   total 129024K, used 29679K [0x0000000082400000, 0x0000000100000000)
  region size 1024K, 25 young (25600K), 3 survivors (3072K)
 Metaspace       used 20328K, capacity 21047K, committed 21248K, reserved 1069056K
  class space    used 2303K, capacity 2553K, committed 2560K, reserved 1048576K
}
Event: 6.658 GC heap after
{Heap after GC invocations=4 (full 0):
 garbage-first heap   total 129024K, used 9212K [0x0000000082400000, 0x0000000100000000)
  region size 1024K, 4 young (4096K), 4 survivors (4096K)
 Metaspace       used 20328K, capacity 21047K, committed 21248K, reserved 1069056K
  class space    used 2303K, capacity 2553K, committed 2560K, reserved 1048576K
}
Event: 7.497 GC heap before
{Heap before GC invocations=5 (full 0):
 garbage-first heap   total 129024K, used 52220K [0x0000000082400000, 0x0000000100000000)
  region size 1024K, 47 young (48128K), 4 survivors (4096K)
 Metaspace       used 25544K, capacity 26422K, committed 26624K, reserved 1073152K
  class space    used 2958K, capacity 3284K, committed 3328K, reserved 1048576K
}
Event: 7.509 GC heap after
{Heap after GC invocations=6 (full 0):
 garbage-first heap   total 129024K, used 10777K [0x0000000082400000, 0x0000000100000000)
  region size 1024K, 5 young (5120K), 5 survivors (5120K)
 Metaspace       used 25544K, capacity 26422K, committed 26624K, reserved 1073152K
  class space    used 2958K, capacity 3284K, committed 3328K, reserved 1048576K
}
Event: 9.240 GC heap before
{Heap before GC invocations=6 (full 0):
 garbage-first heap   total 129024K, used 82457K [0x0000000082400000, 0x0000000100000000)
  region size 1024K, 75 young (76800K), 5 survivors (5120K)
 Metaspace       used 31198K, capacity 32318K, committed 32512K, reserved 1077248K
  class space    used 3787K, capacity 4236K, committed 4352K, reserved 1048576K
}
Event: 9.258 GC heap after
{Heap after GC invocations=7 (full 0):
 garbage-first heap   total 129024K, used 13630K [0x0000000082400000, 0x0000000100000000)
  region size 1024K, 7 young (7168K), 7 survivors (7168K)
 Metaspace       used 31198K, capacity 32318K, committed 32512K, reserved 1077248K
  class space    used 3787K, capacity 4236K, committed 4352K, reserved 1048576K
}
Event: 10.402 GC heap before
{Heap before GC invocations=7 (full 0):
 garbage-first heap   total 129024K, used 49470K [0x0000000082400000, 0x0000000100000000)
  region size 1024K, 43 young (44032K), 7 survivors (7168K)
 Metaspace       used 34261K, capacity 35528K, committed 35628K, reserved 1081344K
  class space    used 4167K, capacity 4712K, committed 4736K, reserved 1048576K
}
Event: 10.429 GC heap after
{Heap after GC invocations=8 (full 0):
 garbage-first heap   total 129024K, used 15857K [0x0000000082400000, 0x0000000100000000)
  region size 1024K, 7 young (7168K), 7 survivors (7168K)
 Metaspace       used 34261K, capacity 35528K, committed 35628K, reserved 1081344K
  class space    used 4167K, capacity 4712K, committed 4736K, reserved 1048576K
}
Event: 12.752 GC heap before
{Heap before GC invocations=9 (full 0):
 garbage-first heap   total 129024K, used 80369K [0x0000000082400000, 0x0000000100000000)
  region size 1024K, 70 young (71680K), 7 survivors (7168K)
 Metaspace       used 46172K, capacity 47594K, committed 47788K, reserved 1091584K
  class space    used 5714K, capacity 6296K, committed 6400K, reserved 1048576K
}
Event: 12.771 GC heap after
{Heap after GC invocations=10 (full 0):
 garbage-first heap   total 129024K, used 19529K [0x0000000082400000, 0x0000000100000000)
  region size 1024K, 6 young (6144K), 6 survivors (6144K)
 Metaspace       used 46172K, capacity 47594K, committed 47788K, reserved 1091584K
  class space    used 5714K, capacity 6296K, committed 6400K, reserved 1048576K
}
Event: 14.750 GC heap before
{Heap before GC invocations=10 (full 0):
 garbage-first heap   total 129024K, used 85065K [0x0000000082400000, 0x0000000100000000)
  region size 1024K, 70 young (71680K), 6 survivors (6144K)
 Metaspace       used 55860K, capacity 57584K, committed 57772K, reserved 1099776K
  class space    used 6875K, capacity 7555K, committed 7680K, reserved 1048576K
}
Event: 14.766 GC heap after
{Heap after GC invocations=11 (full 0):
 garbage-first heap   total 129024K, used 22257K [0x0000000082400000, 0x0000000100000000)
  region size 1024K, 7 young (7168K), 7 survivors (7168K)
 Metaspace       used 55860K, capacity 57584K, committed 57772K, reserved 1099776K
  class space    used 6875K, capacity 7555K, committed 7680K, reserved 1048576K
}
Event: 15.664 GC heap before
{Heap before GC invocations=11 (full 0):
 garbage-first heap   total 129024K, used 50929K [0x0000000082400000, 0x0000000100000000)
  region size 1024K, 36 young (36864K), 7 survivors (7168K)
 Metaspace       used 57847K, capacity 59645K, committed 59808K, reserved 1101824K
  class space    used 7136K, capacity 7848K, committed 7936K, reserved 1048576K
}

